------------------------------------
--- File created by Amnesia tool ---
------------------------------------


----------------------------------
--- Architecture Configuration ---
----------------------------------

--- Main Memory ---

Memory size: 128 word(s) 
Block size: 1 word(s)/block 
Cycles per access read: 1 unity 
Cycles per access write: 2 unity 
Time cycle: 10 time unity 

--- Cache Memory ---

Cache type: UNIFIED / Level: 1 
Memory size: 8 word(s) 
Block size: 1 word(s)/block 
Cycles per access read: 1 unity 
Cycles per access write: 2 unity 
Time cicle: 1 time unity 
Associativity level: 2 block(s)/set 
Write policy: WriteBack 
Replacement algorithm: LRU 


-------------------------
---       Trace       ---
-------------------------

0 C
0 5
0 D
0 1
0 F
0 4
0 6
0 C
0 5
0 D
0 1
0 F
0 4
0 6

------------------------------
---      Execution Log     ---
------------------------------

Location: MAINMEMORY
Action = Stored data in Main Memory  
Block = 0 


Location: MAINMEMORY
Action = Stored data in Main Memory  
Block = 1 


Location: MAINMEMORY
Action = Stored data in Main Memory  
Block = 2 


Location: MAINMEMORY
Action = Stored data in Main Memory  
Block = 3 


Location: MAINMEMORY
Action = Stored data in Main Memory  
Block = 4 


Location: MAINMEMORY
Action = Stored data in Main Memory  
Block = 5 


Location: MAINMEMORY
Action = Stored data in Main Memory  
Block = 6 


Location: MAINMEMORY
Action = Stored data in Main Memory  
Block = 7 


Location: MAINMEMORY
Action = Stored data in Main Memory  
Block = 8 


Location: MAINMEMORY
Action = Stored data in Main Memory  
Block = 9 


Location: MAINMEMORY
Action = Stored data in Main Memory  
Block = 10 


Location: MAINMEMORY
Action = Stored data in Main Memory  
Block = 11 


Location: MAINMEMORY
Action = Stored data in Main Memory  
Block = 12 


Location: MAINMEMORY
Action = Stored data in Main Memory  
Block = 13 


Location: MAINMEMORY
Action = Stored data in Main Memory  
Block = 14 


Location: MAINMEMORY
Action = Stored data in Main Memory  
Block = 15 


----------------------- Step: 001 to 014 || Trace: 0 C -----------------------

Location: CACHE
 Action = load operation  -  Access Type = miss 
 Cache Type = Accessing Unified Cache  -  Cache Level = 1 
|-------------------------------------------------------------------------------------|
|                         Byte Address: 000000000000000000000000001100XX (32 bits)    |
|                         Word Address: 000000000000000000000000001100   (30 bits)    |
|-------------------------------------------------------------------------------------|
|                              Block                              |   Word  |   Byte  |
|               Tag              |              Set               |  OffSet |  OffSet |
|-------------------------------------------------------------------------------------|
|    0000000000000000000000000011|                              00|      ---|      XX |
|-------------------------------------------------------------------------------------|
|                         28 bits|                          2 bits|   0 bits|   2 bits|
|-------------------------------------------------------------------------------------|

Location: MAINMEMORY
Action = Loading data from Main Memory  
Block = 12 


Location: CACHE
 Action = store operation  -  Access Type = miss 
 Cache Type = Accessing Unified Cache  -  Cache Level = 1 
|-------------------------------------------------------------------------------------|
|                         Byte Address: 000000000000000000000000001100XX (32 bits)    |
|                         Word Address: 000000000000000000000000001100   (30 bits)    |
|-------------------------------------------------------------------------------------|
|                              Block                              |   Word  |   Byte  |
|               Tag              |              Set               |  OffSet |  OffSet |
|-------------------------------------------------------------------------------------|
|    0000000000000000000000000011|                              00|      ---|      XX |
|-------------------------------------------------------------------------------------|
|                         28 bits|                          2 bits|   0 bits|   2 bits|
|-------------------------------------------------------------------------------------|

----------------------- Step: 002 to 014 || Trace: 0 5 -----------------------

Location: CACHE
 Action = load operation  -  Access Type = miss 
 Cache Type = Accessing Unified Cache  -  Cache Level = 1 
|-------------------------------------------------------------------------------------|
|                         Byte Address: 000000000000000000000000000101XX (32 bits)    |
|                         Word Address: 000000000000000000000000000101   (30 bits)    |
|-------------------------------------------------------------------------------------|
|                              Block                              |   Word  |   Byte  |
|               Tag              |              Set               |  OffSet |  OffSet |
|-------------------------------------------------------------------------------------|
|    0000000000000000000000000001|                              01|      ---|      XX |
|-------------------------------------------------------------------------------------|
|                         28 bits|                          2 bits|   0 bits|   2 bits|
|-------------------------------------------------------------------------------------|

Location: MAINMEMORY
Action = Loading data from Main Memory  
Block = 5 


Location: CACHE
 Action = store operation  -  Access Type = miss 
 Cache Type = Accessing Unified Cache  -  Cache Level = 1 
|-------------------------------------------------------------------------------------|
|                         Byte Address: 000000000000000000000000000101XX (32 bits)    |
|                         Word Address: 000000000000000000000000000101   (30 bits)    |
|-------------------------------------------------------------------------------------|
|                              Block                              |   Word  |   Byte  |
|               Tag              |              Set               |  OffSet |  OffSet |
|-------------------------------------------------------------------------------------|
|    0000000000000000000000000001|                              01|      ---|      XX |
|-------------------------------------------------------------------------------------|
|                         28 bits|                          2 bits|   0 bits|   2 bits|
|-------------------------------------------------------------------------------------|

----------------------- Step: 003 to 014 || Trace: 0 D -----------------------

Location: CACHE
 Action = load operation  -  Access Type = miss 
 Cache Type = Accessing Unified Cache  -  Cache Level = 1 
|-------------------------------------------------------------------------------------|
|                         Byte Address: 000000000000000000000000001101XX (32 bits)    |
|                         Word Address: 000000000000000000000000001101   (30 bits)    |
|-------------------------------------------------------------------------------------|
|                              Block                              |   Word  |   Byte  |
|               Tag              |              Set               |  OffSet |  OffSet |
|-------------------------------------------------------------------------------------|
|    0000000000000000000000000011|                              01|      ---|      XX |
|-------------------------------------------------------------------------------------|
|                         28 bits|                          2 bits|   0 bits|   2 bits|
|-------------------------------------------------------------------------------------|

Location: MAINMEMORY
Action = Loading data from Main Memory  
Block = 13 


Location: CACHE
 Action = store operation  -  Access Type = miss 
 Cache Type = Accessing Unified Cache  -  Cache Level = 1 
|-------------------------------------------------------------------------------------|
|                         Byte Address: 000000000000000000000000001101XX (32 bits)    |
|                         Word Address: 000000000000000000000000001101   (30 bits)    |
|-------------------------------------------------------------------------------------|
|                              Block                              |   Word  |   Byte  |
|               Tag              |              Set               |  OffSet |  OffSet |
|-------------------------------------------------------------------------------------|
|    0000000000000000000000000011|                              01|      ---|      XX |
|-------------------------------------------------------------------------------------|
|                         28 bits|                          2 bits|   0 bits|   2 bits|
|-------------------------------------------------------------------------------------|

----------------------- Step: 004 to 014 || Trace: 0 1 -----------------------

Location: CACHE
 Action = load operation  -  Access Type = miss 
 Cache Type = Accessing Unified Cache  -  Cache Level = 1 
|-------------------------------------------------------------------------------------|
|                         Byte Address: 000000000000000000000000000001XX (32 bits)    |
|                         Word Address: 000000000000000000000000000001   (30 bits)    |
|-------------------------------------------------------------------------------------|
|                              Block                              |   Word  |   Byte  |
|               Tag              |              Set               |  OffSet |  OffSet |
|-------------------------------------------------------------------------------------|
|    0000000000000000000000000000|                              01|      ---|      XX |
|-------------------------------------------------------------------------------------|
|                         28 bits|                          2 bits|   0 bits|   2 bits|
|-------------------------------------------------------------------------------------|

Location: MAINMEMORY
Action = Loading data from Main Memory  
Block = 1 


Location: CACHE
 Action = store operation  -  Access Type = miss 
 Cache Type = Accessing Unified Cache  -  Cache Level = 1 
|-------------------------------------------------------------------------------------|
|                         Byte Address: 000000000000000000000000000001XX (32 bits)    |
|                         Word Address: 000000000000000000000000000001   (30 bits)    |
|-------------------------------------------------------------------------------------|
|                              Block                              |   Word  |   Byte  |
|               Tag              |              Set               |  OffSet |  OffSet |
|-------------------------------------------------------------------------------------|
|    0000000000000000000000000000|                              01|      ---|      XX |
|-------------------------------------------------------------------------------------|
|                         28 bits|                          2 bits|   0 bits|   2 bits|
|-------------------------------------------------------------------------------------|

----------------------- Step: 005 to 014 || Trace: 0 F -----------------------

Location: CACHE
 Action = load operation  -  Access Type = miss 
 Cache Type = Accessing Unified Cache  -  Cache Level = 1 
|-------------------------------------------------------------------------------------|
|                         Byte Address: 000000000000000000000000001111XX (32 bits)    |
|                         Word Address: 000000000000000000000000001111   (30 bits)    |
|-------------------------------------------------------------------------------------|
|                              Block                              |   Word  |   Byte  |
|               Tag              |              Set               |  OffSet |  OffSet |
|-------------------------------------------------------------------------------------|
|    0000000000000000000000000011|                              11|      ---|      XX |
|-------------------------------------------------------------------------------------|
|                         28 bits|                          2 bits|   0 bits|   2 bits|
|-------------------------------------------------------------------------------------|

Location: MAINMEMORY
Action = Loading data from Main Memory  
Block = 15 


Location: CACHE
 Action = store operation  -  Access Type = miss 
 Cache Type = Accessing Unified Cache  -  Cache Level = 1 
|-------------------------------------------------------------------------------------|
|                         Byte Address: 000000000000000000000000001111XX (32 bits)    |
|                         Word Address: 000000000000000000000000001111   (30 bits)    |
|-------------------------------------------------------------------------------------|
|                              Block                              |   Word  |   Byte  |
|               Tag              |              Set               |  OffSet |  OffSet |
|-------------------------------------------------------------------------------------|
|    0000000000000000000000000011|                              11|      ---|      XX |
|-------------------------------------------------------------------------------------|
|                         28 bits|                          2 bits|   0 bits|   2 bits|
|-------------------------------------------------------------------------------------|

----------------------- Step: 006 to 014 || Trace: 0 4 -----------------------

Location: CACHE
 Action = load operation  -  Access Type = miss 
 Cache Type = Accessing Unified Cache  -  Cache Level = 1 
|-------------------------------------------------------------------------------------|
|                         Byte Address: 000000000000000000000000000100XX (32 bits)    |
|                         Word Address: 000000000000000000000000000100   (30 bits)    |
|-------------------------------------------------------------------------------------|
|                              Block                              |   Word  |   Byte  |
|               Tag              |              Set               |  OffSet |  OffSet |
|-------------------------------------------------------------------------------------|
|    0000000000000000000000000001|                              00|      ---|      XX |
|-------------------------------------------------------------------------------------|
|                         28 bits|                          2 bits|   0 bits|   2 bits|
|-------------------------------------------------------------------------------------|

Location: MAINMEMORY
Action = Loading data from Main Memory  
Block = 4 


Location: CACHE
 Action = store operation  -  Access Type = miss 
 Cache Type = Accessing Unified Cache  -  Cache Level = 1 
|-------------------------------------------------------------------------------------|
|                         Byte Address: 000000000000000000000000000100XX (32 bits)    |
|                         Word Address: 000000000000000000000000000100   (30 bits)    |
|-------------------------------------------------------------------------------------|
|                              Block                              |   Word  |   Byte  |
|               Tag              |              Set               |  OffSet |  OffSet |
|-------------------------------------------------------------------------------------|
|    0000000000000000000000000001|                              00|      ---|      XX |
|-------------------------------------------------------------------------------------|
|                         28 bits|                          2 bits|   0 bits|   2 bits|
|-------------------------------------------------------------------------------------|

----------------------- Step: 007 to 014 || Trace: 0 6 -----------------------

Location: CACHE
 Action = load operation  -  Access Type = miss 
 Cache Type = Accessing Unified Cache  -  Cache Level = 1 
|-------------------------------------------------------------------------------------|
|                         Byte Address: 000000000000000000000000000110XX (32 bits)    |
|                         Word Address: 000000000000000000000000000110   (30 bits)    |
|-------------------------------------------------------------------------------------|
|                              Block                              |   Word  |   Byte  |
|               Tag              |              Set               |  OffSet |  OffSet |
|-------------------------------------------------------------------------------------|
|    0000000000000000000000000001|                              10|      ---|      XX |
|-------------------------------------------------------------------------------------|
|                         28 bits|                          2 bits|   0 bits|   2 bits|
|-------------------------------------------------------------------------------------|

Location: MAINMEMORY
Action = Loading data from Main Memory  
Block = 6 


Location: CACHE
 Action = store operation  -  Access Type = miss 
 Cache Type = Accessing Unified Cache  -  Cache Level = 1 
|-------------------------------------------------------------------------------------|
|                         Byte Address: 000000000000000000000000000110XX (32 bits)    |
|                         Word Address: 000000000000000000000000000110   (30 bits)    |
|-------------------------------------------------------------------------------------|
|                              Block                              |   Word  |   Byte  |
|               Tag              |              Set               |  OffSet |  OffSet |
|-------------------------------------------------------------------------------------|
|    0000000000000000000000000001|                              10|      ---|      XX |
|-------------------------------------------------------------------------------------|
|                         28 bits|                          2 bits|   0 bits|   2 bits|
|-------------------------------------------------------------------------------------|

----------------------- Step: 008 to 014 || Trace: 0 C -----------------------

Location: CACHE
 Action = load operation  -  Access Type = hit 
 Cache Type = Accessing Unified Cache  -  Cache Level = 1 
|-------------------------------------------------------------------------------------|
|                         Byte Address: 000000000000000000000000001100XX (32 bits)    |
|                         Word Address: 000000000000000000000000001100   (30 bits)    |
|-------------------------------------------------------------------------------------|
|                              Block                              |   Word  |   Byte  |
|               Tag              |              Set               |  OffSet |  OffSet |
|-------------------------------------------------------------------------------------|
|    0000000000000000000000000011|                              00|      ---|      XX |
|-------------------------------------------------------------------------------------|
|                         28 bits|                          2 bits|   0 bits|   2 bits|
|-------------------------------------------------------------------------------------|

----------------------- Step: 009 to 014 || Trace: 0 5 -----------------------

Location: CACHE
 Action = load operation  -  Access Type = miss 
 Cache Type = Accessing Unified Cache  -  Cache Level = 1 
|-------------------------------------------------------------------------------------|
|                         Byte Address: 000000000000000000000000000101XX (32 bits)    |
|                         Word Address: 000000000000000000000000000101   (30 bits)    |
|-------------------------------------------------------------------------------------|
|                              Block                              |   Word  |   Byte  |
|               Tag              |              Set               |  OffSet |  OffSet |
|-------------------------------------------------------------------------------------|
|    0000000000000000000000000001|                              01|      ---|      XX |
|-------------------------------------------------------------------------------------|
|                         28 bits|                          2 bits|   0 bits|   2 bits|
|-------------------------------------------------------------------------------------|

Location: MAINMEMORY
Action = Loading data from Main Memory  
Block = 5 


Location: CACHE
 Action = store operation  -  Access Type = miss 
 Cache Type = Accessing Unified Cache  -  Cache Level = 1 
|-------------------------------------------------------------------------------------|
|                         Byte Address: 000000000000000000000000000101XX (32 bits)    |
|                         Word Address: 000000000000000000000000000101   (30 bits)    |
|-------------------------------------------------------------------------------------|
|                              Block                              |   Word  |   Byte  |
|               Tag              |              Set               |  OffSet |  OffSet |
|-------------------------------------------------------------------------------------|
|    0000000000000000000000000001|                              01|      ---|      XX |
|-------------------------------------------------------------------------------------|
|                         28 bits|                          2 bits|   0 bits|   2 bits|
|-------------------------------------------------------------------------------------|

----------------------- Step: 010 to 014 || Trace: 0 D -----------------------

Location: CACHE
 Action = load operation  -  Access Type = miss 
 Cache Type = Accessing Unified Cache  -  Cache Level = 1 
|-------------------------------------------------------------------------------------|
|                         Byte Address: 000000000000000000000000001101XX (32 bits)    |
|                         Word Address: 000000000000000000000000001101   (30 bits)    |
|-------------------------------------------------------------------------------------|
|                              Block                              |   Word  |   Byte  |
|               Tag              |              Set               |  OffSet |  OffSet |
|-------------------------------------------------------------------------------------|
|    0000000000000000000000000011|                              01|      ---|      XX |
|-------------------------------------------------------------------------------------|
|                         28 bits|                          2 bits|   0 bits|   2 bits|
|-------------------------------------------------------------------------------------|

Location: MAINMEMORY
Action = Loading data from Main Memory  
Block = 13 


Location: CACHE
 Action = store operation  -  Access Type = miss 
 Cache Type = Accessing Unified Cache  -  Cache Level = 1 
|-------------------------------------------------------------------------------------|
|                         Byte Address: 000000000000000000000000001101XX (32 bits)    |
|                         Word Address: 000000000000000000000000001101   (30 bits)    |
|-------------------------------------------------------------------------------------|
|                              Block                              |   Word  |   Byte  |
|               Tag              |              Set               |  OffSet |  OffSet |
|-------------------------------------------------------------------------------------|
|    0000000000000000000000000011|                              01|      ---|      XX |
|-------------------------------------------------------------------------------------|
|                         28 bits|                          2 bits|   0 bits|   2 bits|
|-------------------------------------------------------------------------------------|

----------------------- Step: 011 to 014 || Trace: 0 1 -----------------------

Location: CACHE
 Action = load operation  -  Access Type = miss 
 Cache Type = Accessing Unified Cache  -  Cache Level = 1 
|-------------------------------------------------------------------------------------|
|                         Byte Address: 000000000000000000000000000001XX (32 bits)    |
|                         Word Address: 000000000000000000000000000001   (30 bits)    |
|-------------------------------------------------------------------------------------|
|                              Block                              |   Word  |   Byte  |
|               Tag              |              Set               |  OffSet |  OffSet |
|-------------------------------------------------------------------------------------|
|    0000000000000000000000000000|                              01|      ---|      XX |
|-------------------------------------------------------------------------------------|
|                         28 bits|                          2 bits|   0 bits|   2 bits|
|-------------------------------------------------------------------------------------|

Location: MAINMEMORY
Action = Loading data from Main Memory  
Block = 1 


Location: CACHE
 Action = store operation  -  Access Type = miss 
 Cache Type = Accessing Unified Cache  -  Cache Level = 1 
|-------------------------------------------------------------------------------------|
|                         Byte Address: 000000000000000000000000000001XX (32 bits)    |
|                         Word Address: 000000000000000000000000000001   (30 bits)    |
|-------------------------------------------------------------------------------------|
|                              Block                              |   Word  |   Byte  |
|               Tag              |              Set               |  OffSet |  OffSet |
|-------------------------------------------------------------------------------------|
|    0000000000000000000000000000|                              01|      ---|      XX |
|-------------------------------------------------------------------------------------|
|                         28 bits|                          2 bits|   0 bits|   2 bits|
|-------------------------------------------------------------------------------------|

----------------------- Step: 012 to 014 || Trace: 0 F -----------------------

Location: CACHE
 Action = load operation  -  Access Type = hit 
 Cache Type = Accessing Unified Cache  -  Cache Level = 1 
|-------------------------------------------------------------------------------------|
|                         Byte Address: 000000000000000000000000001111XX (32 bits)    |
|                         Word Address: 000000000000000000000000001111   (30 bits)    |
|-------------------------------------------------------------------------------------|
|                              Block                              |   Word  |   Byte  |
|               Tag              |              Set               |  OffSet |  OffSet |
|-------------------------------------------------------------------------------------|
|    0000000000000000000000000011|                              11|      ---|      XX |
|-------------------------------------------------------------------------------------|
|                         28 bits|                          2 bits|   0 bits|   2 bits|
|-------------------------------------------------------------------------------------|

----------------------- Step: 013 to 014 || Trace: 0 4 -----------------------

Location: CACHE
 Action = load operation  -  Access Type = hit 
 Cache Type = Accessing Unified Cache  -  Cache Level = 1 
|-------------------------------------------------------------------------------------|
|                         Byte Address: 000000000000000000000000000100XX (32 bits)    |
|                         Word Address: 000000000000000000000000000100   (30 bits)    |
|-------------------------------------------------------------------------------------|
|                              Block                              |   Word  |   Byte  |
|               Tag              |              Set               |  OffSet |  OffSet |
|-------------------------------------------------------------------------------------|
|    0000000000000000000000000001|                              00|      ---|      XX |
|-------------------------------------------------------------------------------------|
|                         28 bits|                          2 bits|   0 bits|   2 bits|
|-------------------------------------------------------------------------------------|

----------------------- Step: 014 to 014 || Trace: 0 6 -----------------------

Location: CACHE
 Action = load operation  -  Access Type = hit 
 Cache Type = Accessing Unified Cache  -  Cache Level = 1 
|-------------------------------------------------------------------------------------|
|                         Byte Address: 000000000000000000000000000110XX (32 bits)    |
|                         Word Address: 000000000000000000000000000110   (30 bits)    |
|-------------------------------------------------------------------------------------|
|                              Block                              |   Word  |   Byte  |
|               Tag              |              Set               |  OffSet |  OffSet |
|-------------------------------------------------------------------------------------|
|    0000000000000000000000000001|                              10|      ---|      XX |
|-------------------------------------------------------------------------------------|
|                         28 bits|                          2 bits|   0 bits|   2 bits|
|-------------------------------------------------------------------------------------|

------------------------------
---       Statistics       ---
------------------------------

Unified Cache - Level 1
  Read Access: 14
  Read Cycles: 14
  Read Time: 14
  Write Access: 0
  Write Cycles: 0
  Write Time: 0
  Total Access: 14
  Total Hit: 4
  Total Miss: 10
  Hit/rate: 0.2857143
  Total Time: 14

Main Memory
  Read Access: 10
  Read Cycles: 10
  Read Time: 100
  Write Access: 0
  Write Cycles: 0
  Write Time: 0
  Total Access: 10
  Total Time: 100

 Total Time: 114