------------------------------------
--- File created by Amnesia tool ---
------------------------------------


----------------------------------
--- Architecture Configuration ---
----------------------------------

--- Main Memory ---

Memory size: 128 word(s) 
Block size: 2 word(s)/block 
Cycles per access read: 1 unity 
Cycles per access write: 2 unity 
Time cycle: 10 time unity 

--- Cache Memory ---

Cache type: UNIFIED / Level: 1 
Memory size: 8 word(s) 
Block size: 2 word(s)/block 
Cycles per access read: 1 unity 
Cycles per access write: 2 unity 
Time cicle: 1 time unity 
Associativity level: 1 block(s)/set 
Write policy: WriteThrough 
Replacement algorithm: LRU 


-------------------------
---       Trace       ---
-------------------------

2 C
2 5
2 D
2 1
2 F
2 4
0 6
1 4
1 7
1 3
0 B
0 C
1 9
2 B
0 E
2 7
1 8
2 0
2 2
1 9
1 3
0 A
1 5
0 8
1 F
1 7
0 2
2 A
2 9
0 5
0 E
1 6
1 0
2 9
2 6
2 E
0 1
2 8
2 3
1 F
1 8
0 9

------------------------------
---      Execution Log     ---
------------------------------

Location: MAINMEMORY
Action = Stored data in Main Memory  
Block = 0 


Location: MAINMEMORY
Action = Stored data in Main Memory  
Block = 1 


Location: MAINMEMORY
Action = Stored data in Main Memory  
Block = 2 


Location: MAINMEMORY
Action = Stored data in Main Memory  
Block = 3 


Location: MAINMEMORY
Action = Stored data in Main Memory  
Block = 4 


Location: MAINMEMORY
Action = Stored data in Main Memory  
Block = 5 


Location: MAINMEMORY
Action = Stored data in Main Memory  
Block = 6 


Location: MAINMEMORY
Action = Stored data in Main Memory  
Block = 7 


----------------------- Step: 001 to 042 || Trace: 2 C -----------------------

Location: CACHE
 Action = load operation  -  Access Type = miss 
 Cache Type = Accessing Unified Cache  -  Cache Level = 1 
|-------------------------------------------------------------------------------------|
|                         Byte Address: 000000000000000000000000001100XX (32 bits)    |
|                         Word Address: 000000000000000000000000001100   (30 bits)    |
|-------------------------------------------------------------------------------------|
|                              Block                              |   Word  |   Byte  |
|               Tag              |              Set               |  OffSet |  OffSet |
|-------------------------------------------------------------------------------------|
|     000000000000000000000000001|                              10|        0|      XX |
|-------------------------------------------------------------------------------------|
|                         27 bits|                          2 bits|   1 bits|   2 bits|
|-------------------------------------------------------------------------------------|

Location: MAINMEMORY
Action = Loading data from Main Memory  
Block = 6 


Location: CACHE
 Action = store operation  -  Access Type = miss 
 Cache Type = Accessing Unified Cache  -  Cache Level = 1 
|-------------------------------------------------------------------------------------|
|                         Byte Address: 000000000000000000000000001100XX (32 bits)    |
|                         Word Address: 000000000000000000000000001100   (30 bits)    |
|-------------------------------------------------------------------------------------|
|                              Block                              |   Word  |   Byte  |
|               Tag              |              Set               |  OffSet |  OffSet |
|-------------------------------------------------------------------------------------|
|     000000000000000000000000001|                              10|        0|      XX |
|-------------------------------------------------------------------------------------|
|                         27 bits|                          2 bits|   1 bits|   2 bits|
|-------------------------------------------------------------------------------------|

----------------------- Step: 002 to 042 || Trace: 2 5 -----------------------

Location: CACHE
 Action = load operation  -  Access Type = miss 
 Cache Type = Accessing Unified Cache  -  Cache Level = 1 
|-------------------------------------------------------------------------------------|
|                         Byte Address: 000000000000000000000000000101XX (32 bits)    |
|                         Word Address: 000000000000000000000000000101   (30 bits)    |
|-------------------------------------------------------------------------------------|
|                              Block                              |   Word  |   Byte  |
|               Tag              |              Set               |  OffSet |  OffSet |
|-------------------------------------------------------------------------------------|
|     000000000000000000000000000|                              10|        1|      XX |
|-------------------------------------------------------------------------------------|
|                         27 bits|                          2 bits|   1 bits|   2 bits|
|-------------------------------------------------------------------------------------|

Location: MAINMEMORY
Action = Loading data from Main Memory  
Block = 2 


Location: CACHE
 Action = store operation  -  Access Type = miss 
 Cache Type = Accessing Unified Cache  -  Cache Level = 1 
|-------------------------------------------------------------------------------------|
|                         Byte Address: 000000000000000000000000000101XX (32 bits)    |
|                         Word Address: 000000000000000000000000000101   (30 bits)    |
|-------------------------------------------------------------------------------------|
|                              Block                              |   Word  |   Byte  |
|               Tag              |              Set               |  OffSet |  OffSet |
|-------------------------------------------------------------------------------------|
|     000000000000000000000000000|                              10|        1|      XX |
|-------------------------------------------------------------------------------------|
|                         27 bits|                          2 bits|   1 bits|   2 bits|
|-------------------------------------------------------------------------------------|

----------------------- Step: 003 to 042 || Trace: 2 D -----------------------

Location: CACHE
 Action = load operation  -  Access Type = miss 
 Cache Type = Accessing Unified Cache  -  Cache Level = 1 
|-------------------------------------------------------------------------------------|
|                         Byte Address: 000000000000000000000000001101XX (32 bits)    |
|                         Word Address: 000000000000000000000000001101   (30 bits)    |
|-------------------------------------------------------------------------------------|
|                              Block                              |   Word  |   Byte  |
|               Tag              |              Set               |  OffSet |  OffSet |
|-------------------------------------------------------------------------------------|
|     000000000000000000000000001|                              10|        1|      XX |
|-------------------------------------------------------------------------------------|
|                         27 bits|                          2 bits|   1 bits|   2 bits|
|-------------------------------------------------------------------------------------|

Location: MAINMEMORY
Action = Loading data from Main Memory  
Block = 6 


Location: CACHE
 Action = store operation  -  Access Type = miss 
 Cache Type = Accessing Unified Cache  -  Cache Level = 1 
|-------------------------------------------------------------------------------------|
|                         Byte Address: 000000000000000000000000001101XX (32 bits)    |
|                         Word Address: 000000000000000000000000001101   (30 bits)    |
|-------------------------------------------------------------------------------------|
|                              Block                              |   Word  |   Byte  |
|               Tag              |              Set               |  OffSet |  OffSet |
|-------------------------------------------------------------------------------------|
|     000000000000000000000000001|                              10|        1|      XX |
|-------------------------------------------------------------------------------------|
|                         27 bits|                          2 bits|   1 bits|   2 bits|
|-------------------------------------------------------------------------------------|

----------------------- Step: 004 to 042 || Trace: 2 1 -----------------------

Location: CACHE
 Action = load operation  -  Access Type = miss 
 Cache Type = Accessing Unified Cache  -  Cache Level = 1 
|-------------------------------------------------------------------------------------|
|                         Byte Address: 000000000000000000000000000001XX (32 bits)    |
|                         Word Address: 000000000000000000000000000001   (30 bits)    |
|-------------------------------------------------------------------------------------|
|                              Block                              |   Word  |   Byte  |
|               Tag              |              Set               |  OffSet |  OffSet |
|-------------------------------------------------------------------------------------|
|     000000000000000000000000000|                              00|        1|      XX |
|-------------------------------------------------------------------------------------|
|                         27 bits|                          2 bits|   1 bits|   2 bits|
|-------------------------------------------------------------------------------------|

Location: MAINMEMORY
Action = Loading data from Main Memory  
Block = 0 


Location: CACHE
 Action = store operation  -  Access Type = miss 
 Cache Type = Accessing Unified Cache  -  Cache Level = 1 
|-------------------------------------------------------------------------------------|
|                         Byte Address: 000000000000000000000000000001XX (32 bits)    |
|                         Word Address: 000000000000000000000000000001   (30 bits)    |
|-------------------------------------------------------------------------------------|
|                              Block                              |   Word  |   Byte  |
|               Tag              |              Set               |  OffSet |  OffSet |
|-------------------------------------------------------------------------------------|
|     000000000000000000000000000|                              00|        1|      XX |
|-------------------------------------------------------------------------------------|
|                         27 bits|                          2 bits|   1 bits|   2 bits|
|-------------------------------------------------------------------------------------|

----------------------- Step: 005 to 042 || Trace: 2 F -----------------------

Location: CACHE
 Action = load operation  -  Access Type = miss 
 Cache Type = Accessing Unified Cache  -  Cache Level = 1 
|-------------------------------------------------------------------------------------|
|                         Byte Address: 000000000000000000000000001111XX (32 bits)    |
|                         Word Address: 000000000000000000000000001111   (30 bits)    |
|-------------------------------------------------------------------------------------|
|                              Block                              |   Word  |   Byte  |
|               Tag              |              Set               |  OffSet |  OffSet |
|-------------------------------------------------------------------------------------|
|     000000000000000000000000001|                              11|        1|      XX |
|-------------------------------------------------------------------------------------|
|                         27 bits|                          2 bits|   1 bits|   2 bits|
|-------------------------------------------------------------------------------------|

Location: MAINMEMORY
Action = Loading data from Main Memory  
Block = 7 


Location: CACHE
 Action = store operation  -  Access Type = miss 
 Cache Type = Accessing Unified Cache  -  Cache Level = 1 
|-------------------------------------------------------------------------------------|
|                         Byte Address: 000000000000000000000000001111XX (32 bits)    |
|                         Word Address: 000000000000000000000000001111   (30 bits)    |
|-------------------------------------------------------------------------------------|
|                              Block                              |   Word  |   Byte  |
|               Tag              |              Set               |  OffSet |  OffSet |
|-------------------------------------------------------------------------------------|
|     000000000000000000000000001|                              11|        1|      XX |
|-------------------------------------------------------------------------------------|
|                         27 bits|                          2 bits|   1 bits|   2 bits|
|-------------------------------------------------------------------------------------|

----------------------- Step: 006 to 042 || Trace: 2 4 -----------------------

Location: CACHE
 Action = load operation  -  Access Type = miss 
 Cache Type = Accessing Unified Cache  -  Cache Level = 1 
|-------------------------------------------------------------------------------------|
|                         Byte Address: 000000000000000000000000000100XX (32 bits)    |
|                         Word Address: 000000000000000000000000000100   (30 bits)    |
|-------------------------------------------------------------------------------------|
|                              Block                              |   Word  |   Byte  |
|               Tag              |              Set               |  OffSet |  OffSet |
|-------------------------------------------------------------------------------------|
|     000000000000000000000000000|                              10|        0|      XX |
|-------------------------------------------------------------------------------------|
|                         27 bits|                          2 bits|   1 bits|   2 bits|
|-------------------------------------------------------------------------------------|

Location: MAINMEMORY
Action = Loading data from Main Memory  
Block = 2 


Location: CACHE
 Action = store operation  -  Access Type = miss 
 Cache Type = Accessing Unified Cache  -  Cache Level = 1 
|-------------------------------------------------------------------------------------|
|                         Byte Address: 000000000000000000000000000100XX (32 bits)    |
|                         Word Address: 000000000000000000000000000100   (30 bits)    |
|-------------------------------------------------------------------------------------|
|                              Block                              |   Word  |   Byte  |
|               Tag              |              Set               |  OffSet |  OffSet |
|-------------------------------------------------------------------------------------|
|     000000000000000000000000000|                              10|        0|      XX |
|-------------------------------------------------------------------------------------|
|                         27 bits|                          2 bits|   1 bits|   2 bits|
|-------------------------------------------------------------------------------------|

----------------------- Step: 007 to 042 || Trace: 0 6 -----------------------

Location: CACHE
 Action = load operation  -  Access Type = miss 
 Cache Type = Accessing Unified Cache  -  Cache Level = 1 
|-------------------------------------------------------------------------------------|
|                         Byte Address: 000000000000000000000000000110XX (32 bits)    |
|                         Word Address: 000000000000000000000000000110   (30 bits)    |
|-------------------------------------------------------------------------------------|
|                              Block                              |   Word  |   Byte  |
|               Tag              |              Set               |  OffSet |  OffSet |
|-------------------------------------------------------------------------------------|
|     000000000000000000000000000|                              11|        0|      XX |
|-------------------------------------------------------------------------------------|
|                         27 bits|                          2 bits|   1 bits|   2 bits|
|-------------------------------------------------------------------------------------|

Location: MAINMEMORY
Action = Loading data from Main Memory  
Block = 3 


Location: CACHE
 Action = store operation  -  Access Type = miss 
 Cache Type = Accessing Unified Cache  -  Cache Level = 1 
|-------------------------------------------------------------------------------------|
|                         Byte Address: 000000000000000000000000000110XX (32 bits)    |
|                         Word Address: 000000000000000000000000000110   (30 bits)    |
|-------------------------------------------------------------------------------------|
|                              Block                              |   Word  |   Byte  |
|               Tag              |              Set               |  OffSet |  OffSet |
|-------------------------------------------------------------------------------------|
|     000000000000000000000000000|                              11|        0|      XX |
|-------------------------------------------------------------------------------------|
|                         27 bits|                          2 bits|   1 bits|   2 bits|
|-------------------------------------------------------------------------------------|

----------------------- Step: 008 to 042 || Trace: 1 4 -----------------------

Location: MAINMEMORY
Action = Stored data in Main Memory  
Block = 2 


Location: CACHE
 Action = store operation  -  Access Type = hit 
 Cache Type = Accessing Unified Cache  -  Cache Level = 1 
|-------------------------------------------------------------------------------------|
|                         Byte Address: 000000000000000000000000000100XX (32 bits)    |
|                         Word Address: 000000000000000000000000000100   (30 bits)    |
|-------------------------------------------------------------------------------------|
|                              Block                              |   Word  |   Byte  |
|               Tag              |              Set               |  OffSet |  OffSet |
|-------------------------------------------------------------------------------------|
|     000000000000000000000000000|                              10|        0|      XX |
|-------------------------------------------------------------------------------------|
|                         27 bits|                          2 bits|   1 bits|   2 bits|
|-------------------------------------------------------------------------------------|

----------------------- Step: 009 to 042 || Trace: 1 7 -----------------------

Location: MAINMEMORY
Action = Stored data in Main Memory  
Block = 3 


Location: CACHE
 Action = store operation  -  Access Type = hit 
 Cache Type = Accessing Unified Cache  -  Cache Level = 1 
|-------------------------------------------------------------------------------------|
|                         Byte Address: 000000000000000000000000000111XX (32 bits)    |
|                         Word Address: 000000000000000000000000000111   (30 bits)    |
|-------------------------------------------------------------------------------------|
|                              Block                              |   Word  |   Byte  |
|               Tag              |              Set               |  OffSet |  OffSet |
|-------------------------------------------------------------------------------------|
|     000000000000000000000000000|                              11|        1|      XX |
|-------------------------------------------------------------------------------------|
|                         27 bits|                          2 bits|   1 bits|   2 bits|
|-------------------------------------------------------------------------------------|

----------------------- Step: 010 to 042 || Trace: 1 3 -----------------------

Location: MAINMEMORY
Action = Loading data from Main Memory  
Block = 1 


Location: MAINMEMORY
Action = Stored data in Main Memory  
Block = 1 


Location: CACHE
 Action = store operation  -  Access Type = miss 
 Cache Type = Accessing Unified Cache  -  Cache Level = 1 
|-------------------------------------------------------------------------------------|
|                         Byte Address: 000000000000000000000000000011XX (32 bits)    |
|                         Word Address: 000000000000000000000000000011   (30 bits)    |
|-------------------------------------------------------------------------------------|
|                              Block                              |   Word  |   Byte  |
|               Tag              |              Set               |  OffSet |  OffSet |
|-------------------------------------------------------------------------------------|
|     000000000000000000000000000|                              01|        1|      XX |
|-------------------------------------------------------------------------------------|
|                         27 bits|                          2 bits|   1 bits|   2 bits|
|-------------------------------------------------------------------------------------|

----------------------- Step: 011 to 042 || Trace: 0 B -----------------------

Location: CACHE
 Action = load operation  -  Access Type = miss 
 Cache Type = Accessing Unified Cache  -  Cache Level = 1 
|-------------------------------------------------------------------------------------|
|                         Byte Address: 000000000000000000000000001011XX (32 bits)    |
|                         Word Address: 000000000000000000000000001011   (30 bits)    |
|-------------------------------------------------------------------------------------|
|                              Block                              |   Word  |   Byte  |
|               Tag              |              Set               |  OffSet |  OffSet |
|-------------------------------------------------------------------------------------|
|     000000000000000000000000001|                              01|        1|      XX |
|-------------------------------------------------------------------------------------|
|                         27 bits|                          2 bits|   1 bits|   2 bits|
|-------------------------------------------------------------------------------------|

Location: MAINMEMORY
Action = Loading data from Main Memory  
Block = 5 


Location: CACHE
 Action = store operation  -  Access Type = miss 
 Cache Type = Accessing Unified Cache  -  Cache Level = 1 
|-------------------------------------------------------------------------------------|
|                         Byte Address: 000000000000000000000000001011XX (32 bits)    |
|                         Word Address: 000000000000000000000000001011   (30 bits)    |
|-------------------------------------------------------------------------------------|
|                              Block                              |   Word  |   Byte  |
|               Tag              |              Set               |  OffSet |  OffSet |
|-------------------------------------------------------------------------------------|
|     000000000000000000000000001|                              01|        1|      XX |
|-------------------------------------------------------------------------------------|
|                         27 bits|                          2 bits|   1 bits|   2 bits|
|-------------------------------------------------------------------------------------|

----------------------- Step: 012 to 042 || Trace: 0 C -----------------------

Location: CACHE
 Action = load operation  -  Access Type = miss 
 Cache Type = Accessing Unified Cache  -  Cache Level = 1 
|-------------------------------------------------------------------------------------|
|                         Byte Address: 000000000000000000000000001100XX (32 bits)    |
|                         Word Address: 000000000000000000000000001100   (30 bits)    |
|-------------------------------------------------------------------------------------|
|                              Block                              |   Word  |   Byte  |
|               Tag              |              Set               |  OffSet |  OffSet |
|-------------------------------------------------------------------------------------|
|     000000000000000000000000001|                              10|        0|      XX |
|-------------------------------------------------------------------------------------|
|                         27 bits|                          2 bits|   1 bits|   2 bits|
|-------------------------------------------------------------------------------------|

Location: MAINMEMORY
Action = Loading data from Main Memory  
Block = 6 


Location: CACHE
 Action = store operation  -  Access Type = miss 
 Cache Type = Accessing Unified Cache  -  Cache Level = 1 
|-------------------------------------------------------------------------------------|
|                         Byte Address: 000000000000000000000000001100XX (32 bits)    |
|                         Word Address: 000000000000000000000000001100   (30 bits)    |
|-------------------------------------------------------------------------------------|
|                              Block                              |   Word  |   Byte  |
|               Tag              |              Set               |  OffSet |  OffSet |
|-------------------------------------------------------------------------------------|
|     000000000000000000000000001|                              10|        0|      XX |
|-------------------------------------------------------------------------------------|
|                         27 bits|                          2 bits|   1 bits|   2 bits|
|-------------------------------------------------------------------------------------|

----------------------- Step: 013 to 042 || Trace: 1 9 -----------------------

Location: MAINMEMORY
Action = Loading data from Main Memory  
Block = 4 


Location: MAINMEMORY
Action = Stored data in Main Memory  
Block = 4 


Location: CACHE
 Action = store operation  -  Access Type = miss 
 Cache Type = Accessing Unified Cache  -  Cache Level = 1 
|-------------------------------------------------------------------------------------|
|                         Byte Address: 000000000000000000000000001001XX (32 bits)    |
|                         Word Address: 000000000000000000000000001001   (30 bits)    |
|-------------------------------------------------------------------------------------|
|                              Block                              |   Word  |   Byte  |
|               Tag              |              Set               |  OffSet |  OffSet |
|-------------------------------------------------------------------------------------|
|     000000000000000000000000001|                              00|        1|      XX |
|-------------------------------------------------------------------------------------|
|                         27 bits|                          2 bits|   1 bits|   2 bits|
|-------------------------------------------------------------------------------------|

----------------------- Step: 014 to 042 || Trace: 2 B -----------------------

Location: CACHE
 Action = load operation  -  Access Type = hit 
 Cache Type = Accessing Unified Cache  -  Cache Level = 1 
|-------------------------------------------------------------------------------------|
|                         Byte Address: 000000000000000000000000001011XX (32 bits)    |
|                         Word Address: 000000000000000000000000001011   (30 bits)    |
|-------------------------------------------------------------------------------------|
|                              Block                              |   Word  |   Byte  |
|               Tag              |              Set               |  OffSet |  OffSet |
|-------------------------------------------------------------------------------------|
|     000000000000000000000000001|                              01|        1|      XX |
|-------------------------------------------------------------------------------------|
|                         27 bits|                          2 bits|   1 bits|   2 bits|
|-------------------------------------------------------------------------------------|

----------------------- Step: 015 to 042 || Trace: 0 E -----------------------

Location: CACHE
 Action = load operation  -  Access Type = miss 
 Cache Type = Accessing Unified Cache  -  Cache Level = 1 
|-------------------------------------------------------------------------------------|
|                         Byte Address: 000000000000000000000000001110XX (32 bits)    |
|                         Word Address: 000000000000000000000000001110   (30 bits)    |
|-------------------------------------------------------------------------------------|
|                              Block                              |   Word  |   Byte  |
|               Tag              |              Set               |  OffSet |  OffSet |
|-------------------------------------------------------------------------------------|
|     000000000000000000000000001|                              11|        0|      XX |
|-------------------------------------------------------------------------------------|
|                         27 bits|                          2 bits|   1 bits|   2 bits|
|-------------------------------------------------------------------------------------|

Location: MAINMEMORY
Action = Loading data from Main Memory  
Block = 7 


Location: CACHE
 Action = store operation  -  Access Type = miss 
 Cache Type = Accessing Unified Cache  -  Cache Level = 1 
|-------------------------------------------------------------------------------------|
|                         Byte Address: 000000000000000000000000001110XX (32 bits)    |
|                         Word Address: 000000000000000000000000001110   (30 bits)    |
|-------------------------------------------------------------------------------------|
|                              Block                              |   Word  |   Byte  |
|               Tag              |              Set               |  OffSet |  OffSet |
|-------------------------------------------------------------------------------------|
|     000000000000000000000000001|                              11|        0|      XX |
|-------------------------------------------------------------------------------------|
|                         27 bits|                          2 bits|   1 bits|   2 bits|
|-------------------------------------------------------------------------------------|

----------------------- Step: 016 to 042 || Trace: 2 7 -----------------------

Location: CACHE
 Action = load operation  -  Access Type = miss 
 Cache Type = Accessing Unified Cache  -  Cache Level = 1 
|-------------------------------------------------------------------------------------|
|                         Byte Address: 000000000000000000000000000111XX (32 bits)    |
|                         Word Address: 000000000000000000000000000111   (30 bits)    |
|-------------------------------------------------------------------------------------|
|                              Block                              |   Word  |   Byte  |
|               Tag              |              Set               |  OffSet |  OffSet |
|-------------------------------------------------------------------------------------|
|     000000000000000000000000000|                              11|        1|      XX |
|-------------------------------------------------------------------------------------|
|                         27 bits|                          2 bits|   1 bits|   2 bits|
|-------------------------------------------------------------------------------------|

Location: MAINMEMORY
Action = Loading data from Main Memory  
Block = 3 


Location: CACHE
 Action = store operation  -  Access Type = miss 
 Cache Type = Accessing Unified Cache  -  Cache Level = 1 
|-------------------------------------------------------------------------------------|
|                         Byte Address: 000000000000000000000000000111XX (32 bits)    |
|                         Word Address: 000000000000000000000000000111   (30 bits)    |
|-------------------------------------------------------------------------------------|
|                              Block                              |   Word  |   Byte  |
|               Tag              |              Set               |  OffSet |  OffSet |
|-------------------------------------------------------------------------------------|
|     000000000000000000000000000|                              11|        1|      XX |
|-------------------------------------------------------------------------------------|
|                         27 bits|                          2 bits|   1 bits|   2 bits|
|-------------------------------------------------------------------------------------|

----------------------- Step: 017 to 042 || Trace: 1 8 -----------------------

Location: MAINMEMORY
Action = Stored data in Main Memory  
Block = 4 


Location: CACHE
 Action = store operation  -  Access Type = hit 
 Cache Type = Accessing Unified Cache  -  Cache Level = 1 
|-------------------------------------------------------------------------------------|
|                         Byte Address: 000000000000000000000000001000XX (32 bits)    |
|                         Word Address: 000000000000000000000000001000   (30 bits)    |
|-------------------------------------------------------------------------------------|
|                              Block                              |   Word  |   Byte  |
|               Tag              |              Set               |  OffSet |  OffSet |
|-------------------------------------------------------------------------------------|
|     000000000000000000000000001|                              00|        0|      XX |
|-------------------------------------------------------------------------------------|
|                         27 bits|                          2 bits|   1 bits|   2 bits|
|-------------------------------------------------------------------------------------|

----------------------- Step: 018 to 042 || Trace: 2 0 -----------------------

Location: CACHE
 Action = load operation  -  Access Type = miss 
 Cache Type = Accessing Unified Cache  -  Cache Level = 1 
|-------------------------------------------------------------------------------------|
|                         Byte Address: 000000000000000000000000000000XX (32 bits)    |
|                         Word Address: 000000000000000000000000000000   (30 bits)    |
|-------------------------------------------------------------------------------------|
|                              Block                              |   Word  |   Byte  |
|               Tag              |              Set               |  OffSet |  OffSet |
|-------------------------------------------------------------------------------------|
|     000000000000000000000000000|                              00|        0|      XX |
|-------------------------------------------------------------------------------------|
|                         27 bits|                          2 bits|   1 bits|   2 bits|
|-------------------------------------------------------------------------------------|

Location: MAINMEMORY
Action = Loading data from Main Memory  
Block = 0 


Location: CACHE
 Action = store operation  -  Access Type = miss 
 Cache Type = Accessing Unified Cache  -  Cache Level = 1 
|-------------------------------------------------------------------------------------|
|                         Byte Address: 000000000000000000000000000000XX (32 bits)    |
|                         Word Address: 000000000000000000000000000000   (30 bits)    |
|-------------------------------------------------------------------------------------|
|                              Block                              |   Word  |   Byte  |
|               Tag              |              Set               |  OffSet |  OffSet |
|-------------------------------------------------------------------------------------|
|     000000000000000000000000000|                              00|        0|      XX |
|-------------------------------------------------------------------------------------|
|                         27 bits|                          2 bits|   1 bits|   2 bits|
|-------------------------------------------------------------------------------------|

----------------------- Step: 019 to 042 || Trace: 2 2 -----------------------

Location: CACHE
 Action = load operation  -  Access Type = miss 
 Cache Type = Accessing Unified Cache  -  Cache Level = 1 
|-------------------------------------------------------------------------------------|
|                         Byte Address: 000000000000000000000000000010XX (32 bits)    |
|                         Word Address: 000000000000000000000000000010   (30 bits)    |
|-------------------------------------------------------------------------------------|
|                              Block                              |   Word  |   Byte  |
|               Tag              |              Set               |  OffSet |  OffSet |
|-------------------------------------------------------------------------------------|
|     000000000000000000000000000|                              01|        0|      XX |
|-------------------------------------------------------------------------------------|
|                         27 bits|                          2 bits|   1 bits|   2 bits|
|-------------------------------------------------------------------------------------|

Location: MAINMEMORY
Action = Loading data from Main Memory  
Block = 1 


Location: CACHE
 Action = store operation  -  Access Type = miss 
 Cache Type = Accessing Unified Cache  -  Cache Level = 1 
|-------------------------------------------------------------------------------------|
|                         Byte Address: 000000000000000000000000000010XX (32 bits)    |
|                         Word Address: 000000000000000000000000000010   (30 bits)    |
|-------------------------------------------------------------------------------------|
|                              Block                              |   Word  |   Byte  |
|               Tag              |              Set               |  OffSet |  OffSet |
|-------------------------------------------------------------------------------------|
|     000000000000000000000000000|                              01|        0|      XX |
|-------------------------------------------------------------------------------------|
|                         27 bits|                          2 bits|   1 bits|   2 bits|
|-------------------------------------------------------------------------------------|

----------------------- Step: 020 to 042 || Trace: 1 9 -----------------------

Location: MAINMEMORY
Action = Loading data from Main Memory  
Block = 4 


Location: MAINMEMORY
Action = Stored data in Main Memory  
Block = 4 


Location: CACHE
 Action = store operation  -  Access Type = miss 
 Cache Type = Accessing Unified Cache  -  Cache Level = 1 
|-------------------------------------------------------------------------------------|
|                         Byte Address: 000000000000000000000000001001XX (32 bits)    |
|                         Word Address: 000000000000000000000000001001   (30 bits)    |
|-------------------------------------------------------------------------------------|
|                              Block                              |   Word  |   Byte  |
|               Tag              |              Set               |  OffSet |  OffSet |
|-------------------------------------------------------------------------------------|
|     000000000000000000000000001|                              00|        1|      XX |
|-------------------------------------------------------------------------------------|
|                         27 bits|                          2 bits|   1 bits|   2 bits|
|-------------------------------------------------------------------------------------|

----------------------- Step: 021 to 042 || Trace: 1 3 -----------------------

Location: MAINMEMORY
Action = Stored data in Main Memory  
Block = 1 


Location: CACHE
 Action = store operation  -  Access Type = hit 
 Cache Type = Accessing Unified Cache  -  Cache Level = 1 
|-------------------------------------------------------------------------------------|
|                         Byte Address: 000000000000000000000000000011XX (32 bits)    |
|                         Word Address: 000000000000000000000000000011   (30 bits)    |
|-------------------------------------------------------------------------------------|
|                              Block                              |   Word  |   Byte  |
|               Tag              |              Set               |  OffSet |  OffSet |
|-------------------------------------------------------------------------------------|
|     000000000000000000000000000|                              01|        1|      XX |
|-------------------------------------------------------------------------------------|
|                         27 bits|                          2 bits|   1 bits|   2 bits|
|-------------------------------------------------------------------------------------|

----------------------- Step: 022 to 042 || Trace: 0 A -----------------------

Location: CACHE
 Action = load operation  -  Access Type = miss 
 Cache Type = Accessing Unified Cache  -  Cache Level = 1 
|-------------------------------------------------------------------------------------|
|                         Byte Address: 000000000000000000000000001010XX (32 bits)    |
|                         Word Address: 000000000000000000000000001010   (30 bits)    |
|-------------------------------------------------------------------------------------|
|                              Block                              |   Word  |   Byte  |
|               Tag              |              Set               |  OffSet |  OffSet |
|-------------------------------------------------------------------------------------|
|     000000000000000000000000001|                              01|        0|      XX |
|-------------------------------------------------------------------------------------|
|                         27 bits|                          2 bits|   1 bits|   2 bits|
|-------------------------------------------------------------------------------------|

Location: MAINMEMORY
Action = Loading data from Main Memory  
Block = 5 


Location: CACHE
 Action = store operation  -  Access Type = miss 
 Cache Type = Accessing Unified Cache  -  Cache Level = 1 
|-------------------------------------------------------------------------------------|
|                         Byte Address: 000000000000000000000000001010XX (32 bits)    |
|                         Word Address: 000000000000000000000000001010   (30 bits)    |
|-------------------------------------------------------------------------------------|
|                              Block                              |   Word  |   Byte  |
|               Tag              |              Set               |  OffSet |  OffSet |
|-------------------------------------------------------------------------------------|
|     000000000000000000000000001|                              01|        0|      XX |
|-------------------------------------------------------------------------------------|
|                         27 bits|                          2 bits|   1 bits|   2 bits|
|-------------------------------------------------------------------------------------|

----------------------- Step: 023 to 042 || Trace: 1 5 -----------------------

Location: MAINMEMORY
Action = Loading data from Main Memory  
Block = 2 


Location: MAINMEMORY
Action = Stored data in Main Memory  
Block = 2 


Location: CACHE
 Action = store operation  -  Access Type = miss 
 Cache Type = Accessing Unified Cache  -  Cache Level = 1 
|-------------------------------------------------------------------------------------|
|                         Byte Address: 000000000000000000000000000101XX (32 bits)    |
|                         Word Address: 000000000000000000000000000101   (30 bits)    |
|-------------------------------------------------------------------------------------|
|                              Block                              |   Word  |   Byte  |
|               Tag              |              Set               |  OffSet |  OffSet |
|-------------------------------------------------------------------------------------|
|     000000000000000000000000000|                              10|        1|      XX |
|-------------------------------------------------------------------------------------|
|                         27 bits|                          2 bits|   1 bits|   2 bits|
|-------------------------------------------------------------------------------------|

----------------------- Step: 024 to 042 || Trace: 0 8 -----------------------

Location: CACHE
 Action = load operation  -  Access Type = hit 
 Cache Type = Accessing Unified Cache  -  Cache Level = 1 
|-------------------------------------------------------------------------------------|
|                         Byte Address: 000000000000000000000000001000XX (32 bits)    |
|                         Word Address: 000000000000000000000000001000   (30 bits)    |
|-------------------------------------------------------------------------------------|
|                              Block                              |   Word  |   Byte  |
|               Tag              |              Set               |  OffSet |  OffSet |
|-------------------------------------------------------------------------------------|
|     000000000000000000000000001|                              00|        0|      XX |
|-------------------------------------------------------------------------------------|
|                         27 bits|                          2 bits|   1 bits|   2 bits|
|-------------------------------------------------------------------------------------|

----------------------- Step: 025 to 042 || Trace: 1 F -----------------------

Location: MAINMEMORY
Action = Loading data from Main Memory  
Block = 7 


Location: MAINMEMORY
Action = Stored data in Main Memory  
Block = 7 


Location: CACHE
 Action = store operation  -  Access Type = miss 
 Cache Type = Accessing Unified Cache  -  Cache Level = 1 
|-------------------------------------------------------------------------------------|
|                         Byte Address: 000000000000000000000000001111XX (32 bits)    |
|                         Word Address: 000000000000000000000000001111   (30 bits)    |
|-------------------------------------------------------------------------------------|
|                              Block                              |   Word  |   Byte  |
|               Tag              |              Set               |  OffSet |  OffSet |
|-------------------------------------------------------------------------------------|
|     000000000000000000000000001|                              11|        1|      XX |
|-------------------------------------------------------------------------------------|
|                         27 bits|                          2 bits|   1 bits|   2 bits|
|-------------------------------------------------------------------------------------|

----------------------- Step: 026 to 042 || Trace: 1 7 -----------------------

Location: MAINMEMORY
Action = Loading data from Main Memory  
Block = 3 


Location: MAINMEMORY
Action = Stored data in Main Memory  
Block = 3 


Location: CACHE
 Action = store operation  -  Access Type = miss 
 Cache Type = Accessing Unified Cache  -  Cache Level = 1 
|-------------------------------------------------------------------------------------|
|                         Byte Address: 000000000000000000000000000111XX (32 bits)    |
|                         Word Address: 000000000000000000000000000111   (30 bits)    |
|-------------------------------------------------------------------------------------|
|                              Block                              |   Word  |   Byte  |
|               Tag              |              Set               |  OffSet |  OffSet |
|-------------------------------------------------------------------------------------|
|     000000000000000000000000000|                              11|        1|      XX |
|-------------------------------------------------------------------------------------|
|                         27 bits|                          2 bits|   1 bits|   2 bits|
|-------------------------------------------------------------------------------------|

----------------------- Step: 027 to 042 || Trace: 0 2 -----------------------

Location: CACHE
 Action = load operation  -  Access Type = miss 
 Cache Type = Accessing Unified Cache  -  Cache Level = 1 
|-------------------------------------------------------------------------------------|
|                         Byte Address: 000000000000000000000000000010XX (32 bits)    |
|                         Word Address: 000000000000000000000000000010   (30 bits)    |
|-------------------------------------------------------------------------------------|
|                              Block                              |   Word  |   Byte  |
|               Tag              |              Set               |  OffSet |  OffSet |
|-------------------------------------------------------------------------------------|
|     000000000000000000000000000|                              01|        0|      XX |
|-------------------------------------------------------------------------------------|
|                         27 bits|                          2 bits|   1 bits|   2 bits|
|-------------------------------------------------------------------------------------|

Location: MAINMEMORY
Action = Loading data from Main Memory  
Block = 1 


Location: CACHE
 Action = store operation  -  Access Type = miss 
 Cache Type = Accessing Unified Cache  -  Cache Level = 1 
|-------------------------------------------------------------------------------------|
|                         Byte Address: 000000000000000000000000000010XX (32 bits)    |
|                         Word Address: 000000000000000000000000000010   (30 bits)    |
|-------------------------------------------------------------------------------------|
|                              Block                              |   Word  |   Byte  |
|               Tag              |              Set               |  OffSet |  OffSet |
|-------------------------------------------------------------------------------------|
|     000000000000000000000000000|                              01|        0|      XX |
|-------------------------------------------------------------------------------------|
|                         27 bits|                          2 bits|   1 bits|   2 bits|
|-------------------------------------------------------------------------------------|

----------------------- Step: 028 to 042 || Trace: 2 A -----------------------

Location: CACHE
 Action = load operation  -  Access Type = miss 
 Cache Type = Accessing Unified Cache  -  Cache Level = 1 
|-------------------------------------------------------------------------------------|
|                         Byte Address: 000000000000000000000000001010XX (32 bits)    |
|                         Word Address: 000000000000000000000000001010   (30 bits)    |
|-------------------------------------------------------------------------------------|
|                              Block                              |   Word  |   Byte  |
|               Tag              |              Set               |  OffSet |  OffSet |
|-------------------------------------------------------------------------------------|
|     000000000000000000000000001|                              01|        0|      XX |
|-------------------------------------------------------------------------------------|
|                         27 bits|                          2 bits|   1 bits|   2 bits|
|-------------------------------------------------------------------------------------|

Location: MAINMEMORY
Action = Loading data from Main Memory  
Block = 5 


Location: CACHE
 Action = store operation  -  Access Type = miss 
 Cache Type = Accessing Unified Cache  -  Cache Level = 1 
|-------------------------------------------------------------------------------------|
|                         Byte Address: 000000000000000000000000001010XX (32 bits)    |
|                         Word Address: 000000000000000000000000001010   (30 bits)    |
|-------------------------------------------------------------------------------------|
|                              Block                              |   Word  |   Byte  |
|               Tag              |              Set               |  OffSet |  OffSet |
|-------------------------------------------------------------------------------------|
|     000000000000000000000000001|                              01|        0|      XX |
|-------------------------------------------------------------------------------------|
|                         27 bits|                          2 bits|   1 bits|   2 bits|
|-------------------------------------------------------------------------------------|

----------------------- Step: 029 to 042 || Trace: 2 9 -----------------------

Location: CACHE
 Action = load operation  -  Access Type = hit 
 Cache Type = Accessing Unified Cache  -  Cache Level = 1 
|-------------------------------------------------------------------------------------|
|                         Byte Address: 000000000000000000000000001001XX (32 bits)    |
|                         Word Address: 000000000000000000000000001001   (30 bits)    |
|-------------------------------------------------------------------------------------|
|                              Block                              |   Word  |   Byte  |
|               Tag              |              Set               |  OffSet |  OffSet |
|-------------------------------------------------------------------------------------|
|     000000000000000000000000001|                              00|        1|      XX |
|-------------------------------------------------------------------------------------|
|                         27 bits|                          2 bits|   1 bits|   2 bits|
|-------------------------------------------------------------------------------------|

----------------------- Step: 030 to 042 || Trace: 0 5 -----------------------

Location: CACHE
 Action = load operation  -  Access Type = hit 
 Cache Type = Accessing Unified Cache  -  Cache Level = 1 
|-------------------------------------------------------------------------------------|
|                         Byte Address: 000000000000000000000000000101XX (32 bits)    |
|                         Word Address: 000000000000000000000000000101   (30 bits)    |
|-------------------------------------------------------------------------------------|
|                              Block                              |   Word  |   Byte  |
|               Tag              |              Set               |  OffSet |  OffSet |
|-------------------------------------------------------------------------------------|
|     000000000000000000000000000|                              10|        1|      XX |
|-------------------------------------------------------------------------------------|
|                         27 bits|                          2 bits|   1 bits|   2 bits|
|-------------------------------------------------------------------------------------|

----------------------- Step: 031 to 042 || Trace: 0 E -----------------------

Location: CACHE
 Action = load operation  -  Access Type = miss 
 Cache Type = Accessing Unified Cache  -  Cache Level = 1 
|-------------------------------------------------------------------------------------|
|                         Byte Address: 000000000000000000000000001110XX (32 bits)    |
|                         Word Address: 000000000000000000000000001110   (30 bits)    |
|-------------------------------------------------------------------------------------|
|                              Block                              |   Word  |   Byte  |
|               Tag              |              Set               |  OffSet |  OffSet |
|-------------------------------------------------------------------------------------|
|     000000000000000000000000001|                              11|        0|      XX |
|-------------------------------------------------------------------------------------|
|                         27 bits|                          2 bits|   1 bits|   2 bits|
|-------------------------------------------------------------------------------------|

Location: MAINMEMORY
Action = Loading data from Main Memory  
Block = 7 


Location: CACHE
 Action = store operation  -  Access Type = miss 
 Cache Type = Accessing Unified Cache  -  Cache Level = 1 
|-------------------------------------------------------------------------------------|
|                         Byte Address: 000000000000000000000000001110XX (32 bits)    |
|                         Word Address: 000000000000000000000000001110   (30 bits)    |
|-------------------------------------------------------------------------------------|
|                              Block                              |   Word  |   Byte  |
|               Tag              |              Set               |  OffSet |  OffSet |
|-------------------------------------------------------------------------------------|
|     000000000000000000000000001|                              11|        0|      XX |
|-------------------------------------------------------------------------------------|
|                         27 bits|                          2 bits|   1 bits|   2 bits|
|-------------------------------------------------------------------------------------|

----------------------- Step: 032 to 042 || Trace: 1 6 -----------------------

Location: MAINMEMORY
Action = Loading data from Main Memory  
Block = 3 


Location: MAINMEMORY
Action = Stored data in Main Memory  
Block = 3 


Location: CACHE
 Action = store operation  -  Access Type = miss 
 Cache Type = Accessing Unified Cache  -  Cache Level = 1 
|-------------------------------------------------------------------------------------|
|                         Byte Address: 000000000000000000000000000110XX (32 bits)    |
|                         Word Address: 000000000000000000000000000110   (30 bits)    |
|-------------------------------------------------------------------------------------|
|                              Block                              |   Word  |   Byte  |
|               Tag              |              Set               |  OffSet |  OffSet |
|-------------------------------------------------------------------------------------|
|     000000000000000000000000000|                              11|        0|      XX |
|-------------------------------------------------------------------------------------|
|                         27 bits|                          2 bits|   1 bits|   2 bits|
|-------------------------------------------------------------------------------------|

----------------------- Step: 033 to 042 || Trace: 1 0 -----------------------

Location: MAINMEMORY
Action = Loading data from Main Memory  
Block = 0 


Location: MAINMEMORY
Action = Stored data in Main Memory  
Block = 0 


Location: CACHE
 Action = store operation  -  Access Type = miss 
 Cache Type = Accessing Unified Cache  -  Cache Level = 1 
|-------------------------------------------------------------------------------------|
|                         Byte Address: 000000000000000000000000000000XX (32 bits)    |
|                         Word Address: 000000000000000000000000000000   (30 bits)    |
|-------------------------------------------------------------------------------------|
|                              Block                              |   Word  |   Byte  |
|               Tag              |              Set               |  OffSet |  OffSet |
|-------------------------------------------------------------------------------------|
|     000000000000000000000000000|                              00|        0|      XX |
|-------------------------------------------------------------------------------------|
|                         27 bits|                          2 bits|   1 bits|   2 bits|
|-------------------------------------------------------------------------------------|

----------------------- Step: 034 to 042 || Trace: 2 9 -----------------------

Location: CACHE
 Action = load operation  -  Access Type = miss 
 Cache Type = Accessing Unified Cache  -  Cache Level = 1 
|-------------------------------------------------------------------------------------|
|                         Byte Address: 000000000000000000000000001001XX (32 bits)    |
|                         Word Address: 000000000000000000000000001001   (30 bits)    |
|-------------------------------------------------------------------------------------|
|                              Block                              |   Word  |   Byte  |
|               Tag              |              Set               |  OffSet |  OffSet |
|-------------------------------------------------------------------------------------|
|     000000000000000000000000001|                              00|        1|      XX |
|-------------------------------------------------------------------------------------|
|                         27 bits|                          2 bits|   1 bits|   2 bits|
|-------------------------------------------------------------------------------------|

Location: MAINMEMORY
Action = Loading data from Main Memory  
Block = 4 


Location: CACHE
 Action = store operation  -  Access Type = miss 
 Cache Type = Accessing Unified Cache  -  Cache Level = 1 
|-------------------------------------------------------------------------------------|
|                         Byte Address: 000000000000000000000000001001XX (32 bits)    |
|                         Word Address: 000000000000000000000000001001   (30 bits)    |
|-------------------------------------------------------------------------------------|
|                              Block                              |   Word  |   Byte  |
|               Tag              |              Set               |  OffSet |  OffSet |
|-------------------------------------------------------------------------------------|
|     000000000000000000000000001|                              00|        1|      XX |
|-------------------------------------------------------------------------------------|
|                         27 bits|                          2 bits|   1 bits|   2 bits|
|-------------------------------------------------------------------------------------|

----------------------- Step: 035 to 042 || Trace: 2 6 -----------------------

Location: CACHE
 Action = load operation  -  Access Type = hit 
 Cache Type = Accessing Unified Cache  -  Cache Level = 1 
|-------------------------------------------------------------------------------------|
|                         Byte Address: 000000000000000000000000000110XX (32 bits)    |
|                         Word Address: 000000000000000000000000000110   (30 bits)    |
|-------------------------------------------------------------------------------------|
|                              Block                              |   Word  |   Byte  |
|               Tag              |              Set               |  OffSet |  OffSet |
|-------------------------------------------------------------------------------------|
|     000000000000000000000000000|                              11|        0|      XX |
|-------------------------------------------------------------------------------------|
|                         27 bits|                          2 bits|   1 bits|   2 bits|
|-------------------------------------------------------------------------------------|

----------------------- Step: 036 to 042 || Trace: 2 E -----------------------

Location: CACHE
 Action = load operation  -  Access Type = miss 
 Cache Type = Accessing Unified Cache  -  Cache Level = 1 
|-------------------------------------------------------------------------------------|
|                         Byte Address: 000000000000000000000000001110XX (32 bits)    |
|                         Word Address: 000000000000000000000000001110   (30 bits)    |
|-------------------------------------------------------------------------------------|
|                              Block                              |   Word  |   Byte  |
|               Tag              |              Set               |  OffSet |  OffSet |
|-------------------------------------------------------------------------------------|
|     000000000000000000000000001|                              11|        0|      XX |
|-------------------------------------------------------------------------------------|
|                         27 bits|                          2 bits|   1 bits|   2 bits|
|-------------------------------------------------------------------------------------|

Location: MAINMEMORY
Action = Loading data from Main Memory  
Block = 7 


Location: CACHE
 Action = store operation  -  Access Type = miss 
 Cache Type = Accessing Unified Cache  -  Cache Level = 1 
|-------------------------------------------------------------------------------------|
|                         Byte Address: 000000000000000000000000001110XX (32 bits)    |
|                         Word Address: 000000000000000000000000001110   (30 bits)    |
|-------------------------------------------------------------------------------------|
|                              Block                              |   Word  |   Byte  |
|               Tag              |              Set               |  OffSet |  OffSet |
|-------------------------------------------------------------------------------------|
|     000000000000000000000000001|                              11|        0|      XX |
|-------------------------------------------------------------------------------------|
|                         27 bits|                          2 bits|   1 bits|   2 bits|
|-------------------------------------------------------------------------------------|

----------------------- Step: 037 to 042 || Trace: 0 1 -----------------------

Location: CACHE
 Action = load operation  -  Access Type = miss 
 Cache Type = Accessing Unified Cache  -  Cache Level = 1 
|-------------------------------------------------------------------------------------|
|                         Byte Address: 000000000000000000000000000001XX (32 bits)    |
|                         Word Address: 000000000000000000000000000001   (30 bits)    |
|-------------------------------------------------------------------------------------|
|                              Block                              |   Word  |   Byte  |
|               Tag              |              Set               |  OffSet |  OffSet |
|-------------------------------------------------------------------------------------|
|     000000000000000000000000000|                              00|        1|      XX |
|-------------------------------------------------------------------------------------|
|                         27 bits|                          2 bits|   1 bits|   2 bits|
|-------------------------------------------------------------------------------------|

Location: MAINMEMORY
Action = Loading data from Main Memory  
Block = 0 


Location: CACHE
 Action = store operation  -  Access Type = miss 
 Cache Type = Accessing Unified Cache  -  Cache Level = 1 
|-------------------------------------------------------------------------------------|
|                         Byte Address: 000000000000000000000000000001XX (32 bits)    |
|                         Word Address: 000000000000000000000000000001   (30 bits)    |
|-------------------------------------------------------------------------------------|
|                              Block                              |   Word  |   Byte  |
|               Tag              |              Set               |  OffSet |  OffSet |
|-------------------------------------------------------------------------------------|
|     000000000000000000000000000|                              00|        1|      XX |
|-------------------------------------------------------------------------------------|
|                         27 bits|                          2 bits|   1 bits|   2 bits|
|-------------------------------------------------------------------------------------|

----------------------- Step: 038 to 042 || Trace: 2 8 -----------------------

Location: CACHE
 Action = load operation  -  Access Type = miss 
 Cache Type = Accessing Unified Cache  -  Cache Level = 1 
|-------------------------------------------------------------------------------------|
|                         Byte Address: 000000000000000000000000001000XX (32 bits)    |
|                         Word Address: 000000000000000000000000001000   (30 bits)    |
|-------------------------------------------------------------------------------------|
|                              Block                              |   Word  |   Byte  |
|               Tag              |              Set               |  OffSet |  OffSet |
|-------------------------------------------------------------------------------------|
|     000000000000000000000000001|                              00|        0|      XX |
|-------------------------------------------------------------------------------------|
|                         27 bits|                          2 bits|   1 bits|   2 bits|
|-------------------------------------------------------------------------------------|

Location: MAINMEMORY
Action = Loading data from Main Memory  
Block = 4 


Location: CACHE
 Action = store operation  -  Access Type = miss 
 Cache Type = Accessing Unified Cache  -  Cache Level = 1 
|-------------------------------------------------------------------------------------|
|                         Byte Address: 000000000000000000000000001000XX (32 bits)    |
|                         Word Address: 000000000000000000000000001000   (30 bits)    |
|-------------------------------------------------------------------------------------|
|                              Block                              |   Word  |   Byte  |
|               Tag              |              Set               |  OffSet |  OffSet |
|-------------------------------------------------------------------------------------|
|     000000000000000000000000001|                              00|        0|      XX |
|-------------------------------------------------------------------------------------|
|                         27 bits|                          2 bits|   1 bits|   2 bits|
|-------------------------------------------------------------------------------------|

----------------------- Step: 039 to 042 || Trace: 2 3 -----------------------

Location: CACHE
 Action = load operation  -  Access Type = miss 
 Cache Type = Accessing Unified Cache  -  Cache Level = 1 
|-------------------------------------------------------------------------------------|
|                         Byte Address: 000000000000000000000000000011XX (32 bits)    |
|                         Word Address: 000000000000000000000000000011   (30 bits)    |
|-------------------------------------------------------------------------------------|
|                              Block                              |   Word  |   Byte  |
|               Tag              |              Set               |  OffSet |  OffSet |
|-------------------------------------------------------------------------------------|
|     000000000000000000000000000|                              01|        1|      XX |
|-------------------------------------------------------------------------------------|
|                         27 bits|                          2 bits|   1 bits|   2 bits|
|-------------------------------------------------------------------------------------|

Location: MAINMEMORY
Action = Loading data from Main Memory  
Block = 1 


Location: CACHE
 Action = store operation  -  Access Type = miss 
 Cache Type = Accessing Unified Cache  -  Cache Level = 1 
|-------------------------------------------------------------------------------------|
|                         Byte Address: 000000000000000000000000000011XX (32 bits)    |
|                         Word Address: 000000000000000000000000000011   (30 bits)    |
|-------------------------------------------------------------------------------------|
|                              Block                              |   Word  |   Byte  |
|               Tag              |              Set               |  OffSet |  OffSet |
|-------------------------------------------------------------------------------------|
|     000000000000000000000000000|                              01|        1|      XX |
|-------------------------------------------------------------------------------------|
|                         27 bits|                          2 bits|   1 bits|   2 bits|
|-------------------------------------------------------------------------------------|

----------------------- Step: 040 to 042 || Trace: 1 F -----------------------

Location: MAINMEMORY
Action = Stored data in Main Memory  
Block = 7 


Location: CACHE
 Action = store operation  -  Access Type = hit 
 Cache Type = Accessing Unified Cache  -  Cache Level = 1 
|-------------------------------------------------------------------------------------|
|                         Byte Address: 000000000000000000000000001111XX (32 bits)    |
|                         Word Address: 000000000000000000000000001111   (30 bits)    |
|-------------------------------------------------------------------------------------|
|                              Block                              |   Word  |   Byte  |
|               Tag              |              Set               |  OffSet |  OffSet |
|-------------------------------------------------------------------------------------|
|     000000000000000000000000001|                              11|        1|      XX |
|-------------------------------------------------------------------------------------|
|                         27 bits|                          2 bits|   1 bits|   2 bits|
|-------------------------------------------------------------------------------------|

----------------------- Step: 041 to 042 || Trace: 1 8 -----------------------

Location: MAINMEMORY
Action = Stored data in Main Memory  
Block = 4 


Location: CACHE
 Action = store operation  -  Access Type = hit 
 Cache Type = Accessing Unified Cache  -  Cache Level = 1 
|-------------------------------------------------------------------------------------|
|                         Byte Address: 000000000000000000000000001000XX (32 bits)    |
|                         Word Address: 000000000000000000000000001000   (30 bits)    |
|-------------------------------------------------------------------------------------|
|                              Block                              |   Word  |   Byte  |
|               Tag              |              Set               |  OffSet |  OffSet |
|-------------------------------------------------------------------------------------|
|     000000000000000000000000001|                              00|        0|      XX |
|-------------------------------------------------------------------------------------|
|                         27 bits|                          2 bits|   1 bits|   2 bits|
|-------------------------------------------------------------------------------------|

----------------------- Step: 042 to 042 || Trace: 0 9 -----------------------

Location: CACHE
 Action = load operation  -  Access Type = hit 
 Cache Type = Accessing Unified Cache  -  Cache Level = 1 
|-------------------------------------------------------------------------------------|
|                         Byte Address: 000000000000000000000000001001XX (32 bits)    |
|                         Word Address: 000000000000000000000000001001   (30 bits)    |
|-------------------------------------------------------------------------------------|
|                              Block                              |   Word  |   Byte  |
|               Tag              |              Set               |  OffSet |  OffSet |
|-------------------------------------------------------------------------------------|
|     000000000000000000000000001|                              00|        1|      XX |
|-------------------------------------------------------------------------------------|
|                         27 bits|                          2 bits|   1 bits|   2 bits|
|-------------------------------------------------------------------------------------|

------------------------------
---       Statistics       ---
------------------------------

Unified Cache - Level 1
  Read Access: 28
  Read Cycles: 28
  Read Time: 28
  Write Access: 14
  Write Cycles: 28
  Write Time: 28
  Total Access: 42
  Total Hit: 12
  Total Miss: 30
  Hit/rate: 0.2857143
  Total Time: 56

Main Memory
  Read Access: 30
  Read Cycles: 30
  Read Time: 300
  Write Access: 14
  Write Cycles: 28
  Write Time: 280
  Total Access: 44
  Total Time: 580

 Total Time: 636