------------------------------------
--- File created by Amnesia tool ---
------------------------------------


----------------------------------
--- Architecture Configuration ---
----------------------------------

--- Main Memory ---

Memory size: 128 word(s) 
Block size: 1 word(s)/block 
Cycles per access read: 1 unity 
Cycles per access write: 2 unity 
Time cycle: 10 time unity 

--- Cache Memory ---

Cache type: UNIFIED / Level: 1 
Memory size: 8 word(s) 
Block size: 1 word(s)/block 
Cycles per access read: 1 unity 
Cycles per access write: 2 unity 
Time cicle: 1 time unity 
Associativity level: 1 block(s)/set 
Write policy: WriteBack 
Replacement algorithm: LRU 


-------------------------
---       Trace       ---
-------------------------

1 C
1 5
1 D
1 1
1 F
1 4
1 6
1 4
1 7
1 C
1 5
1 D
1 1
1 F
1 4
1 6
1 4
1 7

------------------------------
---      Execution Log     ---
------------------------------

Location: MAINMEMORY
Action = Stored data in Main Memory  
Block = 0 


Location: MAINMEMORY
Action = Stored data in Main Memory  
Block = 1 


Location: MAINMEMORY
Action = Stored data in Main Memory  
Block = 2 


Location: MAINMEMORY
Action = Stored data in Main Memory  
Block = 3 


Location: MAINMEMORY
Action = Stored data in Main Memory  
Block = 4 


Location: MAINMEMORY
Action = Stored data in Main Memory  
Block = 5 


Location: MAINMEMORY
Action = Stored data in Main Memory  
Block = 6 


Location: MAINMEMORY
Action = Stored data in Main Memory  
Block = 7 


Location: MAINMEMORY
Action = Stored data in Main Memory  
Block = 8 


Location: MAINMEMORY
Action = Stored data in Main Memory  
Block = 9 


Location: MAINMEMORY
Action = Stored data in Main Memory  
Block = 10 


Location: MAINMEMORY
Action = Stored data in Main Memory  
Block = 11 


Location: MAINMEMORY
Action = Stored data in Main Memory  
Block = 12 


Location: MAINMEMORY
Action = Stored data in Main Memory  
Block = 13 


Location: MAINMEMORY
Action = Stored data in Main Memory  
Block = 14 


Location: MAINMEMORY
Action = Stored data in Main Memory  
Block = 15 


----------------------- Step: 001 to 018 || Trace: 1 C -----------------------

Location: MAINMEMORY
Action = Loading data from Main Memory  
Block = 12 


Location: CACHE
 Action = store operation  -  Access Type = miss 
 Cache Type = Accessing Unified Cache  -  Cache Level = 1 
|-------------------------------------------------------------------------------------|
|                         Byte Address: 000000000000000000000000001100XX (32 bits)    |
|                         Word Address: 000000000000000000000000001100   (30 bits)    |
|-------------------------------------------------------------------------------------|
|                              Block                              |   Word  |   Byte  |
|               Tag              |              Set               |  OffSet |  OffSet |
|-------------------------------------------------------------------------------------|
|     000000000000000000000000001|                             100|      ---|      XX |
|-------------------------------------------------------------------------------------|
|                         27 bits|                          3 bits|   0 bits|   2 bits|
|-------------------------------------------------------------------------------------|

----------------------- Step: 002 to 018 || Trace: 1 5 -----------------------

Location: MAINMEMORY
Action = Loading data from Main Memory  
Block = 5 


Location: CACHE
 Action = store operation  -  Access Type = miss 
 Cache Type = Accessing Unified Cache  -  Cache Level = 1 
|-------------------------------------------------------------------------------------|
|                         Byte Address: 000000000000000000000000000101XX (32 bits)    |
|                         Word Address: 000000000000000000000000000101   (30 bits)    |
|-------------------------------------------------------------------------------------|
|                              Block                              |   Word  |   Byte  |
|               Tag              |              Set               |  OffSet |  OffSet |
|-------------------------------------------------------------------------------------|
|     000000000000000000000000000|                             101|      ---|      XX |
|-------------------------------------------------------------------------------------|
|                         27 bits|                          3 bits|   0 bits|   2 bits|
|-------------------------------------------------------------------------------------|

----------------------- Step: 003 to 018 || Trace: 1 D -----------------------

Location: MAINMEMORY
Action = Stored data in Main Memory  
Block = 5 


Location: MAINMEMORY
Action = Loading data from Main Memory  
Block = 13 


Location: CACHE
 Action = store operation  -  Access Type = miss 
 Cache Type = Accessing Unified Cache  -  Cache Level = 1 
|-------------------------------------------------------------------------------------|
|                         Byte Address: 000000000000000000000000001101XX (32 bits)    |
|                         Word Address: 000000000000000000000000001101   (30 bits)    |
|-------------------------------------------------------------------------------------|
|                              Block                              |   Word  |   Byte  |
|               Tag              |              Set               |  OffSet |  OffSet |
|-------------------------------------------------------------------------------------|
|     000000000000000000000000001|                             101|      ---|      XX |
|-------------------------------------------------------------------------------------|
|                         27 bits|                          3 bits|   0 bits|   2 bits|
|-------------------------------------------------------------------------------------|

----------------------- Step: 004 to 018 || Trace: 1 1 -----------------------

Location: MAINMEMORY
Action = Loading data from Main Memory  
Block = 1 


Location: CACHE
 Action = store operation  -  Access Type = miss 
 Cache Type = Accessing Unified Cache  -  Cache Level = 1 
|-------------------------------------------------------------------------------------|
|                         Byte Address: 000000000000000000000000000001XX (32 bits)    |
|                         Word Address: 000000000000000000000000000001   (30 bits)    |
|-------------------------------------------------------------------------------------|
|                              Block                              |   Word  |   Byte  |
|               Tag              |              Set               |  OffSet |  OffSet |
|-------------------------------------------------------------------------------------|
|     000000000000000000000000000|                             001|      ---|      XX |
|-------------------------------------------------------------------------------------|
|                         27 bits|                          3 bits|   0 bits|   2 bits|
|-------------------------------------------------------------------------------------|

----------------------- Step: 005 to 018 || Trace: 1 F -----------------------

Location: MAINMEMORY
Action = Loading data from Main Memory  
Block = 15 


Location: CACHE
 Action = store operation  -  Access Type = miss 
 Cache Type = Accessing Unified Cache  -  Cache Level = 1 
|-------------------------------------------------------------------------------------|
|                         Byte Address: 000000000000000000000000001111XX (32 bits)    |
|                         Word Address: 000000000000000000000000001111   (30 bits)    |
|-------------------------------------------------------------------------------------|
|                              Block                              |   Word  |   Byte  |
|               Tag              |              Set               |  OffSet |  OffSet |
|-------------------------------------------------------------------------------------|
|     000000000000000000000000001|                             111|      ---|      XX |
|-------------------------------------------------------------------------------------|
|                         27 bits|                          3 bits|   0 bits|   2 bits|
|-------------------------------------------------------------------------------------|

----------------------- Step: 006 to 018 || Trace: 1 4 -----------------------

Location: MAINMEMORY
Action = Stored data in Main Memory  
Block = 12 


Location: MAINMEMORY
Action = Loading data from Main Memory  
Block = 4 


Location: CACHE
 Action = store operation  -  Access Type = miss 
 Cache Type = Accessing Unified Cache  -  Cache Level = 1 
|-------------------------------------------------------------------------------------|
|                         Byte Address: 000000000000000000000000000100XX (32 bits)    |
|                         Word Address: 000000000000000000000000000100   (30 bits)    |
|-------------------------------------------------------------------------------------|
|                              Block                              |   Word  |   Byte  |
|               Tag              |              Set               |  OffSet |  OffSet |
|-------------------------------------------------------------------------------------|
|     000000000000000000000000000|                             100|      ---|      XX |
|-------------------------------------------------------------------------------------|
|                         27 bits|                          3 bits|   0 bits|   2 bits|
|-------------------------------------------------------------------------------------|

----------------------- Step: 007 to 018 || Trace: 1 6 -----------------------

Location: MAINMEMORY
Action = Loading data from Main Memory  
Block = 6 


Location: CACHE
 Action = store operation  -  Access Type = miss 
 Cache Type = Accessing Unified Cache  -  Cache Level = 1 
|-------------------------------------------------------------------------------------|
|                         Byte Address: 000000000000000000000000000110XX (32 bits)    |
|                         Word Address: 000000000000000000000000000110   (30 bits)    |
|-------------------------------------------------------------------------------------|
|                              Block                              |   Word  |   Byte  |
|               Tag              |              Set               |  OffSet |  OffSet |
|-------------------------------------------------------------------------------------|
|     000000000000000000000000000|                             110|      ---|      XX |
|-------------------------------------------------------------------------------------|
|                         27 bits|                          3 bits|   0 bits|   2 bits|
|-------------------------------------------------------------------------------------|

----------------------- Step: 008 to 018 || Trace: 1 4 -----------------------

Location: CACHE
 Action = store operation  -  Access Type = hit 
 Cache Type = Accessing Unified Cache  -  Cache Level = 1 
|-------------------------------------------------------------------------------------|
|                         Byte Address: 000000000000000000000000000100XX (32 bits)    |
|                         Word Address: 000000000000000000000000000100   (30 bits)    |
|-------------------------------------------------------------------------------------|
|                              Block                              |   Word  |   Byte  |
|               Tag              |              Set               |  OffSet |  OffSet |
|-------------------------------------------------------------------------------------|
|     000000000000000000000000000|                             100|      ---|      XX |
|-------------------------------------------------------------------------------------|
|                         27 bits|                          3 bits|   0 bits|   2 bits|
|-------------------------------------------------------------------------------------|

----------------------- Step: 009 to 018 || Trace: 1 7 -----------------------

Location: MAINMEMORY
Action = Stored data in Main Memory  
Block = 15 


Location: MAINMEMORY
Action = Loading data from Main Memory  
Block = 7 


Location: CACHE
 Action = store operation  -  Access Type = miss 
 Cache Type = Accessing Unified Cache  -  Cache Level = 1 
|-------------------------------------------------------------------------------------|
|                         Byte Address: 000000000000000000000000000111XX (32 bits)    |
|                         Word Address: 000000000000000000000000000111   (30 bits)    |
|-------------------------------------------------------------------------------------|
|                              Block                              |   Word  |   Byte  |
|               Tag              |              Set               |  OffSet |  OffSet |
|-------------------------------------------------------------------------------------|
|     000000000000000000000000000|                             111|      ---|      XX |
|-------------------------------------------------------------------------------------|
|                         27 bits|                          3 bits|   0 bits|   2 bits|
|-------------------------------------------------------------------------------------|

----------------------- Step: 010 to 018 || Trace: 1 C -----------------------

Location: MAINMEMORY
Action = Stored data in Main Memory  
Block = 4 


Location: MAINMEMORY
Action = Loading data from Main Memory  
Block = 12 


Location: CACHE
 Action = store operation  -  Access Type = miss 
 Cache Type = Accessing Unified Cache  -  Cache Level = 1 
|-------------------------------------------------------------------------------------|
|                         Byte Address: 000000000000000000000000001100XX (32 bits)    |
|                         Word Address: 000000000000000000000000001100   (30 bits)    |
|-------------------------------------------------------------------------------------|
|                              Block                              |   Word  |   Byte  |
|               Tag              |              Set               |  OffSet |  OffSet |
|-------------------------------------------------------------------------------------|
|     000000000000000000000000001|                             100|      ---|      XX |
|-------------------------------------------------------------------------------------|
|                         27 bits|                          3 bits|   0 bits|   2 bits|
|-------------------------------------------------------------------------------------|

----------------------- Step: 011 to 018 || Trace: 1 5 -----------------------

Location: MAINMEMORY
Action = Stored data in Main Memory  
Block = 13 


Location: MAINMEMORY
Action = Loading data from Main Memory  
Block = 5 


Location: CACHE
 Action = store operation  -  Access Type = miss 
 Cache Type = Accessing Unified Cache  -  Cache Level = 1 
|-------------------------------------------------------------------------------------|
|                         Byte Address: 000000000000000000000000000101XX (32 bits)    |
|                         Word Address: 000000000000000000000000000101   (30 bits)    |
|-------------------------------------------------------------------------------------|
|                              Block                              |   Word  |   Byte  |
|               Tag              |              Set               |  OffSet |  OffSet |
|-------------------------------------------------------------------------------------|
|     000000000000000000000000000|                             101|      ---|      XX |
|-------------------------------------------------------------------------------------|
|                         27 bits|                          3 bits|   0 bits|   2 bits|
|-------------------------------------------------------------------------------------|

----------------------- Step: 012 to 018 || Trace: 1 D -----------------------

Location: MAINMEMORY
Action = Stored data in Main Memory  
Block = 5 


Location: MAINMEMORY
Action = Loading data from Main Memory  
Block = 13 


Location: CACHE
 Action = store operation  -  Access Type = miss 
 Cache Type = Accessing Unified Cache  -  Cache Level = 1 
|-------------------------------------------------------------------------------------|
|                         Byte Address: 000000000000000000000000001101XX (32 bits)    |
|                         Word Address: 000000000000000000000000001101   (30 bits)    |
|-------------------------------------------------------------------------------------|
|                              Block                              |   Word  |   Byte  |
|               Tag              |              Set               |  OffSet |  OffSet |
|-------------------------------------------------------------------------------------|
|     000000000000000000000000001|                             101|      ---|      XX |
|-------------------------------------------------------------------------------------|
|                         27 bits|                          3 bits|   0 bits|   2 bits|
|-------------------------------------------------------------------------------------|

----------------------- Step: 013 to 018 || Trace: 1 1 -----------------------

Location: CACHE
 Action = store operation  -  Access Type = hit 
 Cache Type = Accessing Unified Cache  -  Cache Level = 1 
|-------------------------------------------------------------------------------------|
|                         Byte Address: 000000000000000000000000000001XX (32 bits)    |
|                         Word Address: 000000000000000000000000000001   (30 bits)    |
|-------------------------------------------------------------------------------------|
|                              Block                              |   Word  |   Byte  |
|               Tag              |              Set               |  OffSet |  OffSet |
|-------------------------------------------------------------------------------------|
|     000000000000000000000000000|                             001|      ---|      XX |
|-------------------------------------------------------------------------------------|
|                         27 bits|                          3 bits|   0 bits|   2 bits|
|-------------------------------------------------------------------------------------|

----------------------- Step: 014 to 018 || Trace: 1 F -----------------------

Location: MAINMEMORY
Action = Stored data in Main Memory  
Block = 7 


Location: MAINMEMORY
Action = Loading data from Main Memory  
Block = 15 


Location: CACHE
 Action = store operation  -  Access Type = miss 
 Cache Type = Accessing Unified Cache  -  Cache Level = 1 
|-------------------------------------------------------------------------------------|
|                         Byte Address: 000000000000000000000000001111XX (32 bits)    |
|                         Word Address: 000000000000000000000000001111   (30 bits)    |
|-------------------------------------------------------------------------------------|
|                              Block                              |   Word  |   Byte  |
|               Tag              |              Set               |  OffSet |  OffSet |
|-------------------------------------------------------------------------------------|
|     000000000000000000000000001|                             111|      ---|      XX |
|-------------------------------------------------------------------------------------|
|                         27 bits|                          3 bits|   0 bits|   2 bits|
|-------------------------------------------------------------------------------------|

----------------------- Step: 015 to 018 || Trace: 1 4 -----------------------

Location: MAINMEMORY
Action = Stored data in Main Memory  
Block = 12 


Location: MAINMEMORY
Action = Loading data from Main Memory  
Block = 4 


Location: CACHE
 Action = store operation  -  Access Type = miss 
 Cache Type = Accessing Unified Cache  -  Cache Level = 1 
|-------------------------------------------------------------------------------------|
|                         Byte Address: 000000000000000000000000000100XX (32 bits)    |
|                         Word Address: 000000000000000000000000000100   (30 bits)    |
|-------------------------------------------------------------------------------------|
|                              Block                              |   Word  |   Byte  |
|               Tag              |              Set               |  OffSet |  OffSet |
|-------------------------------------------------------------------------------------|
|     000000000000000000000000000|                             100|      ---|      XX |
|-------------------------------------------------------------------------------------|
|                         27 bits|                          3 bits|   0 bits|   2 bits|
|-------------------------------------------------------------------------------------|

----------------------- Step: 016 to 018 || Trace: 1 6 -----------------------

Location: CACHE
 Action = store operation  -  Access Type = hit 
 Cache Type = Accessing Unified Cache  -  Cache Level = 1 
|-------------------------------------------------------------------------------------|
|                         Byte Address: 000000000000000000000000000110XX (32 bits)    |
|                         Word Address: 000000000000000000000000000110   (30 bits)    |
|-------------------------------------------------------------------------------------|
|                              Block                              |   Word  |   Byte  |
|               Tag              |              Set               |  OffSet |  OffSet |
|-------------------------------------------------------------------------------------|
|     000000000000000000000000000|                             110|      ---|      XX |
|-------------------------------------------------------------------------------------|
|                         27 bits|                          3 bits|   0 bits|   2 bits|
|-------------------------------------------------------------------------------------|

----------------------- Step: 017 to 018 || Trace: 1 4 -----------------------

Location: CACHE
 Action = store operation  -  Access Type = hit 
 Cache Type = Accessing Unified Cache  -  Cache Level = 1 
|-------------------------------------------------------------------------------------|
|                         Byte Address: 000000000000000000000000000100XX (32 bits)    |
|                         Word Address: 000000000000000000000000000100   (30 bits)    |
|-------------------------------------------------------------------------------------|
|                              Block                              |   Word  |   Byte  |
|               Tag              |              Set               |  OffSet |  OffSet |
|-------------------------------------------------------------------------------------|
|     000000000000000000000000000|                             100|      ---|      XX |
|-------------------------------------------------------------------------------------|
|                         27 bits|                          3 bits|   0 bits|   2 bits|
|-------------------------------------------------------------------------------------|

----------------------- Step: 018 to 018 || Trace: 1 7 -----------------------

Location: MAINMEMORY
Action = Stored data in Main Memory  
Block = 15 


Location: MAINMEMORY
Action = Loading data from Main Memory  
Block = 7 


Location: CACHE
 Action = store operation  -  Access Type = miss 
 Cache Type = Accessing Unified Cache  -  Cache Level = 1 
|-------------------------------------------------------------------------------------|
|                         Byte Address: 000000000000000000000000000111XX (32 bits)    |
|                         Word Address: 000000000000000000000000000111   (30 bits)    |
|-------------------------------------------------------------------------------------|
|                              Block                              |   Word  |   Byte  |
|               Tag              |              Set               |  OffSet |  OffSet |
|-------------------------------------------------------------------------------------|
|     000000000000000000000000000|                             111|      ---|      XX |
|-------------------------------------------------------------------------------------|
|                         27 bits|                          3 bits|   0 bits|   2 bits|
|-------------------------------------------------------------------------------------|

------------------------------
---       Statistics       ---
------------------------------

Unified Cache - Level 1
  Read Access: 0
  Read Cycles: 0
  Read Time: 0
  Write Access: 18
  Write Cycles: 36
  Write Time: 36
  Total Access: 18
  Total Hit: 4
  Total Miss: 14
  Hit/rate: 0.22222222
  Total Time: 36

Main Memory
  Read Access: 14
  Read Cycles: 14
  Read Time: 140
  Write Access: 9
  Write Cycles: 18
  Write Time: 180
  Total Access: 23
  Total Time: 320

 Total Time: 356